2025-12-09 08:21:07,645 - INFO - --- Đã thiết lập Logging: training_process.log ---
2025-12-09 08:21:07,682 - INFO - Đã chia dữ liệu: Train shape (20400, 17), Test shape (5100, 17)
2025-12-09 08:21:07,683 - INFO - --- Huấn luyện mặc định cho: RandomForest ---
2025-12-09 08:21:18,518 - INFO - Đã huấn luyện xong RandomForest với tham số mặc định.
2025-12-09 08:21:18,519 - INFO - --- Huấn luyện mặc định cho: LogisticRegression ---
2025-12-09 08:21:20,151 - INFO - Đã huấn luyện xong LogisticRegression với tham số mặc định.
2025-12-09 08:21:20,152 - INFO - --- Huấn luyện mặc định cho: SVM ---
2025-12-09 08:21:31,167 - INFO - Đã huấn luyện xong SVM với tham số mặc định.
2025-12-09 08:21:31,168 - INFO - --- Huấn luyện mặc định cho: XGBoost ---
2025-12-09 08:21:34,063 - INFO - Đã huấn luyện xong XGBoost với tham số mặc định.
2025-12-09 08:21:34,174 - INFO - Kết quả RandomForest -> Accuracy: 0.9176, F1: 0.9161
2025-12-09 08:21:34,185 - INFO - Kết quả LogisticRegression -> Accuracy: 0.9000, F1: 0.8985
2025-12-09 08:21:37,825 - INFO - Kết quả SVM -> Accuracy: 0.8878, F1: 0.8865
2025-12-09 08:21:38,026 - INFO - Kết quả XGBoost -> Accuracy: 0.9229, F1: 0.9224
2025-12-09 08:21:38,040 - INFO - Đã tạo file mới model_comparison_results.csv
2025-12-09 08:21:38,198 - INFO - Kết quả RandomForest -> Accuracy: 0.9176, F1: 0.9161
2025-12-09 08:21:38,225 - INFO - Kết quả LogisticRegression -> Accuracy: 0.9000, F1: 0.8985
2025-12-09 08:21:41,815 - INFO - Kết quả SVM -> Accuracy: 0.8878, F1: 0.8865
2025-12-09 08:21:41,912 - INFO - Kết quả XGBoost -> Accuracy: 0.9229, F1: 0.9224
2025-12-09 08:21:41,942 - INFO - --- Bắt đầu tối ưu tham số (Optuna) cho: RandomForest (n_trials=30) ---
2025-12-09 08:21:41,953 - INFO - [RandomForest] Trial 0: Đang chạy...
2025-12-09 08:22:02,017 - INFO - [RandomForest] Trial 0 hoàn tất -> Acc: 0.9106
2025-12-09 08:22:02,020 - INFO - [RandomForest] Trial 1: Đang chạy...
2025-12-09 08:22:11,720 - INFO - [RandomForest] Trial 1 hoàn tất -> Acc: 0.8993
2025-12-09 08:22:11,723 - INFO - [RandomForest] Trial 2: Đang chạy...
2025-12-09 08:22:35,173 - INFO - [RandomForest] Trial 2 hoàn tất -> Acc: 0.9080
2025-12-09 08:22:35,176 - INFO - [RandomForest] Trial 3: Đang chạy...
2025-12-09 08:23:06,405 - INFO - [RandomForest] Trial 3 hoàn tất -> Acc: 0.9105
2025-12-09 08:23:06,408 - INFO - [RandomForest] Trial 4: Đang chạy...
2025-12-09 08:23:22,623 - INFO - [RandomForest] Trial 4 hoàn tất -> Acc: 0.9137
2025-12-09 08:23:22,626 - INFO - [RandomForest] Trial 5: Đang chạy...
2025-12-09 08:23:44,173 - INFO - [RandomForest] Trial 5 hoàn tất -> Acc: 0.9003
2025-12-09 08:23:44,176 - INFO - [RandomForest] Trial 6: Đang chạy...
2025-12-09 08:24:03,610 - INFO - [RandomForest] Trial 6 hoàn tất -> Acc: 0.9103
2025-12-09 08:24:03,612 - INFO - [RandomForest] Trial 7: Đang chạy...
2025-12-09 08:24:20,371 - INFO - [RandomForest] Trial 7 hoàn tất -> Acc: 0.8612
2025-12-09 08:24:20,376 - INFO - [RandomForest] Trial 8: Đang chạy...
2025-12-09 08:24:27,791 - INFO - [RandomForest] Trial 8 hoàn tất -> Acc: 0.9074
2025-12-09 08:24:27,794 - INFO - [RandomForest] Trial 9: Đang chạy...
2025-12-09 08:24:39,259 - INFO - [RandomForest] Trial 9 hoàn tất -> Acc: 0.8844
2025-12-09 08:24:39,276 - INFO - [RandomForest] Trial 10: Đang chạy...
2025-12-09 08:25:19,041 - INFO - [RandomForest] Trial 10 hoàn tất -> Acc: 0.9163
2025-12-09 08:25:19,057 - INFO - [RandomForest] Trial 11: Đang chạy...
2025-12-09 08:25:58,227 - INFO - [RandomForest] Trial 11 hoàn tất -> Acc: 0.9171
2025-12-09 08:25:58,243 - INFO - [RandomForest] Trial 12: Đang chạy...
2025-12-09 08:26:38,414 - INFO - [RandomForest] Trial 12 hoàn tất -> Acc: 0.9164
2025-12-09 08:26:38,434 - INFO - [RandomForest] Trial 13: Đang chạy...
2025-12-09 08:27:20,028 - INFO - [RandomForest] Trial 13 hoàn tất -> Acc: 0.9168
2025-12-09 08:27:20,044 - INFO - [RandomForest] Trial 14: Đang chạy...
2025-12-09 08:27:53,099 - INFO - [RandomForest] Trial 14 hoàn tất -> Acc: 0.9150
2025-12-09 08:27:53,120 - INFO - [RandomForest] Trial 15: Đang chạy...
2025-12-09 08:28:27,812 - INFO - [RandomForest] Trial 15 hoàn tất -> Acc: 0.9169
2025-12-09 08:28:27,829 - INFO - [RandomForest] Trial 16: Đang chạy...
2025-12-09 08:28:57,371 - INFO - [RandomForest] Trial 16 hoàn tất -> Acc: 0.9100
2025-12-09 08:28:57,389 - INFO - [RandomForest] Trial 17: Đang chạy...
2025-12-09 08:29:26,832 - INFO - [RandomForest] Trial 17 hoàn tất -> Acc: 0.9122
2025-12-09 08:29:26,849 - INFO - [RandomForest] Trial 18: Đang chạy...
2025-12-09 08:30:01,849 - INFO - [RandomForest] Trial 18 hoàn tất -> Acc: 0.9142
2025-12-09 08:30:01,884 - INFO - [RandomForest] Trial 19: Đang chạy...
2025-12-09 08:30:31,444 - INFO - [RandomForest] Trial 19 hoàn tất -> Acc: 0.9149
2025-12-09 08:30:31,461 - INFO - [RandomForest] Trial 20: Đang chạy...
2025-12-09 08:31:03,656 - INFO - [RandomForest] Trial 20 hoàn tất -> Acc: 0.9097
2025-12-09 08:31:03,673 - INFO - [RandomForest] Trial 21: Đang chạy...
2025-12-09 08:31:44,241 - INFO - [RandomForest] Trial 21 hoàn tất -> Acc: 0.9165
2025-12-09 08:31:44,258 - INFO - [RandomForest] Trial 22: Đang chạy...
2025-12-09 08:32:24,074 - INFO - [RandomForest] Trial 22 hoàn tất -> Acc: 0.9165
2025-12-09 08:32:24,090 - INFO - [RandomForest] Trial 23: Đang chạy...
2025-12-09 08:32:56,886 - INFO - [RandomForest] Trial 23 hoàn tất -> Acc: 0.9159
2025-12-09 08:32:56,909 - INFO - [RandomForest] Trial 24: Đang chạy...
2025-12-09 08:33:33,618 - INFO - [RandomForest] Trial 24 hoàn tất -> Acc: 0.9170
2025-12-09 08:33:33,634 - INFO - [RandomForest] Trial 25: Đang chạy...
2025-12-09 08:34:04,025 - INFO - [RandomForest] Trial 25 hoàn tất -> Acc: 0.9150
2025-12-09 08:34:04,058 - INFO - [RandomForest] Trial 26: Đang chạy...
2025-12-09 08:34:38,974 - INFO - [RandomForest] Trial 26 hoàn tất -> Acc: 0.9136
2025-12-09 08:34:38,990 - INFO - [RandomForest] Trial 27: Đang chạy...
2025-12-09 08:35:03,787 - INFO - [RandomForest] Trial 27 hoàn tất -> Acc: 0.9156
2025-12-09 08:35:03,804 - INFO - [RandomForest] Trial 28: Đang chạy...
2025-12-09 08:35:38,003 - INFO - [RandomForest] Trial 28 hoàn tất -> Acc: 0.9165
2025-12-09 08:35:38,027 - INFO - [RandomForest] Trial 29: Đang chạy...
2025-12-09 08:36:11,663 - INFO - [RandomForest] Trial 29 hoàn tất -> Acc: 0.9123
2025-12-09 08:36:11,665 - INFO - Optuna hoàn tất. Best params: {'n_estimators': 284, 'max_depth': 24, 'min_samples_split': 7, 'min_samples_leaf': 1}
2025-12-09 08:36:11,667 - INFO - Best CV score: 0.9171
2025-12-09 08:36:11,668 - INFO - --- Refit: Huấn luyện lại RandomForest với tham số tối ưu ---
2025-12-09 08:36:36,848 - INFO - Refit hoàn tất → RandomForest
2025-12-09 08:36:36,850 - INFO - --- Bắt đầu tối ưu tham số (Optuna) cho: LogisticRegression (n_trials=30) ---
2025-12-09 08:36:36,855 - INFO - [LogisticRegression] Trial 0: Đang chạy...
2025-12-09 08:36:37,721 - INFO - [LogisticRegression] Trial 0 hoàn tất -> Acc: 0.7354
2025-12-09 08:36:37,722 - INFO - [LogisticRegression] Trial 1: Đang chạy...
2025-12-09 08:36:38,936 - INFO - [LogisticRegression] Trial 1 hoàn tất -> Acc: 0.8534
2025-12-09 08:36:38,938 - INFO - [LogisticRegression] Trial 2: Đang chạy...
2025-12-09 08:36:39,471 - INFO - [LogisticRegression] Trial 2 hoàn tất -> Acc: 0.5687
2025-12-09 08:36:39,473 - INFO - [LogisticRegression] Trial 3: Đang chạy...
2025-12-09 08:36:40,440 - INFO - [LogisticRegression] Trial 3 hoàn tất -> Acc: 0.8880
2025-12-09 08:36:40,442 - INFO - [LogisticRegression] Trial 4: Đang chạy...
2025-12-09 08:36:42,022 - INFO - [LogisticRegression] Trial 4 hoàn tất -> Acc: 0.8805
2025-12-09 08:36:42,024 - INFO - [LogisticRegression] Trial 5: Đang chạy...
2025-12-09 08:36:42,351 - INFO - [LogisticRegression] Trial 5 hoàn tất -> Acc: 0.6263
2025-12-09 08:36:42,354 - INFO - [LogisticRegression] Trial 6: Đang chạy...
2025-12-09 08:36:43,025 - INFO - [LogisticRegression] Trial 6 hoàn tất -> Acc: 0.8061
2025-12-09 08:36:43,028 - INFO - [LogisticRegression] Trial 7: Đang chạy...
2025-12-09 08:36:43,478 - INFO - [LogisticRegression] Trial 7 hoàn tất -> Acc: 0.5962
2025-12-09 08:36:43,479 - INFO - [LogisticRegression] Trial 8: Đang chạy...
2025-12-09 08:36:44,934 - INFO - [LogisticRegression] Trial 8 hoàn tất -> Acc: 0.7888
2025-12-09 08:36:44,938 - INFO - [LogisticRegression] Trial 9: Đang chạy...
2025-12-09 08:36:46,160 - INFO - [LogisticRegression] Trial 9 hoàn tất -> Acc: 0.8222
2025-12-09 08:36:46,167 - INFO - [LogisticRegression] Trial 10: Đang chạy...
2025-12-09 08:36:47,715 - INFO - [LogisticRegression] Trial 10 hoàn tất -> Acc: 0.9005
2025-12-09 08:36:47,724 - INFO - [LogisticRegression] Trial 11: Đang chạy...
2025-12-09 08:36:49,219 - INFO - [LogisticRegression] Trial 11 hoàn tất -> Acc: 0.9002
2025-12-09 08:36:49,225 - INFO - [LogisticRegression] Trial 12: Đang chạy...
2025-12-09 08:36:50,813 - INFO - [LogisticRegression] Trial 12 hoàn tất -> Acc: 0.9010
2025-12-09 08:36:50,819 - INFO - [LogisticRegression] Trial 13: Đang chạy...
2025-12-09 08:36:52,344 - INFO - [LogisticRegression] Trial 13 hoàn tất -> Acc: 0.9008
2025-12-09 08:36:52,351 - INFO - [LogisticRegression] Trial 14: Đang chạy...
2025-12-09 08:36:53,509 - INFO - [LogisticRegression] Trial 14 hoàn tất -> Acc: 0.8963
2025-12-09 08:36:53,517 - INFO - [LogisticRegression] Trial 15: Đang chạy...
2025-12-09 08:36:55,057 - INFO - [LogisticRegression] Trial 15 hoàn tất -> Acc: 0.9006
2025-12-09 08:36:55,064 - INFO - [LogisticRegression] Trial 16: Đang chạy...
2025-12-09 08:36:56,275 - INFO - [LogisticRegression] Trial 16 hoàn tất -> Acc: 0.8974
2025-12-09 08:36:56,284 - INFO - [LogisticRegression] Trial 17: Đang chạy...
2025-12-09 08:36:57,574 - INFO - [LogisticRegression] Trial 17 hoàn tất -> Acc: 0.8880
2025-12-09 08:36:57,583 - INFO - [LogisticRegression] Trial 18: Đang chạy...
2025-12-09 08:36:59,334 - INFO - [LogisticRegression] Trial 18 hoàn tất -> Acc: 0.8989
2025-12-09 08:36:59,341 - INFO - [LogisticRegression] Trial 19: Đang chạy...
2025-12-09 08:37:00,280 - INFO - [LogisticRegression] Trial 19 hoàn tất -> Acc: 0.8872
2025-12-09 08:37:00,286 - INFO - [LogisticRegression] Trial 20: Đang chạy...
2025-12-09 08:37:00,752 - INFO - [LogisticRegression] Trial 20 hoàn tất -> Acc: 0.7255
2025-12-09 08:37:00,758 - INFO - [LogisticRegression] Trial 21: Đang chạy...
2025-12-09 08:37:02,398 - INFO - [LogisticRegression] Trial 21 hoàn tất -> Acc: 0.9008
2025-12-09 08:37:02,404 - INFO - [LogisticRegression] Trial 22: Đang chạy...
2025-12-09 08:37:03,722 - INFO - [LogisticRegression] Trial 22 hoàn tất -> Acc: 0.8995
2025-12-09 08:37:03,728 - INFO - [LogisticRegression] Trial 23: Đang chạy...
2025-12-09 08:37:05,146 - INFO - [LogisticRegression] Trial 23 hoàn tất -> Acc: 0.8993
2025-12-09 08:37:05,153 - INFO - [LogisticRegression] Trial 24: Đang chạy...
2025-12-09 08:37:06,204 - INFO - [LogisticRegression] Trial 24 hoàn tất -> Acc: 0.8930
2025-12-09 08:37:06,212 - INFO - [LogisticRegression] Trial 25: Đang chạy...
2025-12-09 08:37:06,987 - INFO - [LogisticRegression] Trial 25 hoàn tất -> Acc: 0.8736
2025-12-09 08:37:06,994 - INFO - [LogisticRegression] Trial 26: Đang chạy...
2025-12-09 08:37:08,340 - INFO - [LogisticRegression] Trial 26 hoàn tất -> Acc: 0.8994
2025-12-09 08:37:08,346 - INFO - [LogisticRegression] Trial 27: Đang chạy...
2025-12-09 08:37:10,106 - INFO - [LogisticRegression] Trial 27 hoàn tất -> Acc: 0.9006
2025-12-09 08:37:10,115 - INFO - [LogisticRegression] Trial 28: Đang chạy...
2025-12-09 08:37:11,638 - INFO - [LogisticRegression] Trial 28 hoàn tất -> Acc: 0.8933
2025-12-09 08:37:11,646 - INFO - [LogisticRegression] Trial 29: Đang chạy...
2025-12-09 08:37:13,169 - INFO - [LogisticRegression] Trial 29 hoàn tất -> Acc: 0.8500
2025-12-09 08:37:13,171 - INFO - Optuna hoàn tất. Best params: {'C': 8.307648449075602, 'solver': 'lbfgs'}
2025-12-09 08:37:13,172 - INFO - Best CV score: 0.9010
2025-12-09 08:37:13,173 - INFO - --- Refit: Huấn luyện lại LogisticRegression với tham số tối ưu ---
2025-12-09 08:37:15,064 - INFO - Refit hoàn tất → LogisticRegression
2025-12-09 08:37:15,065 - INFO - --- Bắt đầu tối ưu tham số (Optuna) cho: SVM (n_trials=30) ---
2025-12-09 08:37:15,074 - INFO - [SVM] Trial 0: Đang chạy...
2025-12-09 08:38:23,572 - INFO - [SVM] Trial 0 hoàn tất -> Acc: 0.8633
2025-12-09 08:38:23,574 - INFO - [SVM] Trial 1: Đang chạy...
2025-12-09 08:42:19,640 - INFO - [SVM] Trial 1 hoàn tất -> Acc: 0.5250
2025-12-09 08:42:19,642 - INFO - [SVM] Trial 2: Đang chạy...
2025-12-09 08:44:26,050 - INFO - [SVM] Trial 2 hoàn tất -> Acc: 0.6511
2025-12-09 08:44:26,052 - INFO - [SVM] Trial 3: Đang chạy...
2025-12-09 08:48:14,197 - INFO - [SVM] Trial 3 hoàn tất -> Acc: 0.5560
2025-12-09 08:48:14,200 - INFO - [SVM] Trial 4: Đang chạy...
2025-12-09 08:50:06,127 - INFO - [SVM] Trial 4 hoàn tất -> Acc: 0.8497
2025-12-09 08:50:06,129 - INFO - [SVM] Trial 5: Đang chạy...
2025-12-09 08:51:26,926 - INFO - [SVM] Trial 5 hoàn tất -> Acc: 0.8851
2025-12-09 08:51:26,928 - INFO - [SVM] Trial 6: Đang chạy...
2025-12-09 08:52:09,876 - INFO - [SVM] Trial 6 hoàn tất -> Acc: 0.8953
2025-12-09 08:52:09,879 - INFO - [SVM] Trial 7: Đang chạy...
2025-12-09 08:52:50,027 - INFO - [SVM] Trial 7 hoàn tất -> Acc: 0.9003
2025-12-09 08:52:50,029 - INFO - [SVM] Trial 8: Đang chạy...
2025-12-09 08:54:38,823 - INFO - [SVM] Trial 8 hoàn tất -> Acc: 0.7175
2025-12-09 08:54:38,825 - INFO - [SVM] Trial 9: Đang chạy...
2025-12-09 08:56:18,666 - INFO - [SVM] Trial 9 hoàn tất -> Acc: 0.8627
2025-12-09 08:56:18,673 - INFO - [SVM] Trial 10: Đang chạy...
2025-12-09 08:57:17,089 - INFO - [SVM] Trial 10 hoàn tất -> Acc: 0.9008
2025-12-09 08:57:17,099 - INFO - [SVM] Trial 11: Đang chạy...
2025-12-09 08:58:10,685 - INFO - [SVM] Trial 11 hoàn tất -> Acc: 0.9006
2025-12-09 08:58:10,694 - INFO - [SVM] Trial 12: Đang chạy...
2025-12-09 08:59:12,728 - INFO - [SVM] Trial 12 hoàn tất -> Acc: 0.9012
2025-12-09 08:59:12,735 - INFO - [SVM] Trial 13: Đang chạy...
2025-12-09 09:00:16,560 - INFO - [SVM] Trial 13 hoàn tất -> Acc: 0.9015
2025-12-09 09:00:16,568 - INFO - [SVM] Trial 14: Đang chạy...
2025-12-09 09:00:57,888 - INFO - [SVM] Trial 14 hoàn tất -> Acc: 0.9003
2025-12-09 09:00:57,896 - INFO - [SVM] Trial 15: Đang chạy...
2025-12-09 09:01:52,180 - INFO - [SVM] Trial 15 hoàn tất -> Acc: 0.8802
2025-12-09 09:01:52,187 - INFO - [SVM] Trial 16: Đang chạy...
2025-12-09 09:02:37,360 - INFO - [SVM] Trial 16 hoàn tất -> Acc: 0.9008
2025-12-09 09:02:37,368 - INFO - [SVM] Trial 17: Đang chạy...
2025-12-09 09:03:41,573 - INFO - [SVM] Trial 17 hoàn tất -> Acc: 0.9016
2025-12-09 09:03:41,581 - INFO - [SVM] Trial 18: Đang chạy...
2025-12-09 09:04:21,242 - INFO - [SVM] Trial 18 hoàn tất -> Acc: 0.8976
2025-12-09 09:04:21,249 - INFO - [SVM] Trial 19: Đang chạy...
2025-12-09 09:05:32,363 - INFO - [SVM] Trial 19 hoàn tất -> Acc: 0.8551
2025-12-09 09:05:32,370 - INFO - [SVM] Trial 20: Đang chạy...
2025-12-09 09:06:11,812 - INFO - [SVM] Trial 20 hoàn tất -> Acc: 0.8981
2025-12-09 09:06:11,820 - INFO - [SVM] Trial 21: Đang chạy...
2025-12-09 09:07:15,548 - INFO - [SVM] Trial 21 hoàn tất -> Acc: 0.9014
2025-12-09 09:07:15,556 - INFO - [SVM] Trial 22: Đang chạy...
2025-12-09 09:07:59,936 - INFO - [SVM] Trial 22 hoàn tất -> Acc: 0.9010
2025-12-09 09:07:59,944 - INFO - [SVM] Trial 23: Đang chạy...
2025-12-09 09:09:03,602 - INFO - [SVM] Trial 23 hoàn tất -> Acc: 0.9015
2025-12-09 09:09:03,610 - INFO - [SVM] Trial 24: Đang chạy...
2025-12-09 09:09:47,832 - INFO - [SVM] Trial 24 hoàn tất -> Acc: 0.9010
2025-12-09 09:09:47,840 - INFO - [SVM] Trial 25: Đang chạy...
2025-12-09 09:10:36,149 - INFO - [SVM] Trial 25 hoàn tất -> Acc: 0.9009
2025-12-09 09:10:36,157 - INFO - [SVM] Trial 26: Đang chạy...
2025-12-09 09:11:57,224 - INFO - [SVM] Trial 26 hoàn tất -> Acc: 0.8839
2025-12-09 09:11:57,234 - INFO - [SVM] Trial 27: Đang chạy...
2025-12-09 09:12:37,936 - INFO - [SVM] Trial 27 hoàn tất -> Acc: 0.9005
2025-12-09 09:12:37,944 - INFO - [SVM] Trial 28: Đang chạy...
2025-12-09 09:13:26,469 - INFO - [SVM] Trial 28 hoàn tất -> Acc: 0.9010
2025-12-09 09:13:26,478 - INFO - [SVM] Trial 29: Đang chạy...
2025-12-09 09:14:17,715 - INFO - [SVM] Trial 29 hoàn tất -> Acc: 0.8834
2025-12-09 09:14:17,717 - INFO - Optuna hoàn tất. Best params: {'C': 9.886969146409337, 'kernel': 'linear', 'gamma': 'auto'}
2025-12-09 09:14:17,719 - INFO - Best CV score: 0.9016
2025-12-09 09:14:17,720 - INFO - --- Refit: Huấn luyện lại SVM với tham số tối ưu ---
2025-12-09 09:14:28,324 - INFO - Refit hoàn tất → SVM
2025-12-09 09:14:28,325 - INFO - --- Bắt đầu tối ưu tham số (Optuna) cho: XGBoost (n_trials=30) ---
2025-12-09 09:14:28,329 - INFO - [XGBoost] Trial 0: Đang chạy...
2025-12-09 09:14:39,339 - INFO - [XGBoost] Trial 0 hoàn tất -> Acc: 0.9245
2025-12-09 09:14:39,342 - INFO - [XGBoost] Trial 1: Đang chạy...
2025-12-09 09:14:52,742 - INFO - [XGBoost] Trial 1 hoàn tất -> Acc: 0.9152
2025-12-09 09:14:52,744 - INFO - [XGBoost] Trial 2: Đang chạy...
2025-12-09 09:14:57,640 - INFO - [XGBoost] Trial 2 hoàn tất -> Acc: 0.9240
2025-12-09 09:14:57,645 - INFO - [XGBoost] Trial 3: Đang chạy...
2025-12-09 09:15:06,833 - INFO - [XGBoost] Trial 3 hoàn tất -> Acc: 0.9201
2025-12-09 09:15:06,837 - INFO - [XGBoost] Trial 4: Đang chạy...
2025-12-09 09:15:18,711 - INFO - [XGBoost] Trial 4 hoàn tất -> Acc: 0.9134
2025-12-09 09:15:18,715 - INFO - [XGBoost] Trial 5: Đang chạy...
2025-12-09 09:15:37,681 - INFO - [XGBoost] Trial 5 hoàn tất -> Acc: 0.9243
2025-12-09 09:15:37,683 - INFO - [XGBoost] Trial 6: Đang chạy...
2025-12-09 09:15:45,667 - INFO - [XGBoost] Trial 6 hoàn tất -> Acc: 0.8917
2025-12-09 09:15:45,670 - INFO - [XGBoost] Trial 7: Đang chạy...
2025-12-09 09:15:53,451 - INFO - [XGBoost] Trial 7 hoàn tất -> Acc: 0.9142
2025-12-09 09:15:53,454 - INFO - [XGBoost] Trial 8: Đang chạy...
2025-12-09 09:15:57,357 - INFO - [XGBoost] Trial 8 hoàn tất -> Acc: 0.9011
2025-12-09 09:15:57,360 - INFO - [XGBoost] Trial 9: Đang chạy...
2025-12-09 09:16:14,207 - INFO - [XGBoost] Trial 9 hoàn tất -> Acc: 0.9256
2025-12-09 09:16:14,222 - INFO - [XGBoost] Trial 10: Đang chạy...
2025-12-09 09:16:30,214 - INFO - [XGBoost] Trial 10 hoàn tất -> Acc: 0.9274
2025-12-09 09:16:30,228 - INFO - [XGBoost] Trial 11: Đang chạy...
2025-12-09 09:16:45,960 - INFO - [XGBoost] Trial 11 hoàn tất -> Acc: 0.9261
2025-12-09 09:16:45,977 - INFO - [XGBoost] Trial 12: Đang chạy...
2025-12-09 09:17:03,607 - INFO - [XGBoost] Trial 12 hoàn tất -> Acc: 0.9260
2025-12-09 09:17:03,624 - INFO - [XGBoost] Trial 13: Đang chạy...
2025-12-09 09:17:19,633 - INFO - [XGBoost] Trial 13 hoàn tất -> Acc: 0.9272
2025-12-09 09:17:19,650 - INFO - [XGBoost] Trial 14: Đang chạy...
2025-12-09 09:17:34,312 - INFO - [XGBoost] Trial 14 hoàn tất -> Acc: 0.9271
2025-12-09 09:17:34,343 - INFO - [XGBoost] Trial 15: Đang chạy...
2025-12-09 09:17:43,686 - INFO - [XGBoost] Trial 15 hoàn tất -> Acc: 0.9259
2025-12-09 09:17:43,703 - INFO - [XGBoost] Trial 16: Đang chạy...
2025-12-09 09:18:02,109 - INFO - [XGBoost] Trial 16 hoàn tất -> Acc: 0.9248
2025-12-09 09:18:02,125 - INFO - [XGBoost] Trial 17: Đang chạy...
2025-12-09 09:18:17,875 - INFO - [XGBoost] Trial 17 hoàn tất -> Acc: 0.9264
2025-12-09 09:18:17,892 - INFO - [XGBoost] Trial 18: Đang chạy...
2025-12-09 09:18:30,080 - INFO - [XGBoost] Trial 18 hoàn tất -> Acc: 0.9288
2025-12-09 09:18:30,098 - INFO - [XGBoost] Trial 19: Đang chạy...
2025-12-09 09:18:38,589 - INFO - [XGBoost] Trial 19 hoàn tất -> Acc: 0.9270
2025-12-09 09:18:38,609 - INFO - [XGBoost] Trial 20: Đang chạy...
2025-12-09 09:18:50,139 - INFO - [XGBoost] Trial 20 hoàn tất -> Acc: 0.9263
2025-12-09 09:18:50,157 - INFO - [XGBoost] Trial 21: Đang chạy...
2025-12-09 09:19:01,706 - INFO - [XGBoost] Trial 21 hoàn tất -> Acc: 0.9289
2025-12-09 09:19:01,731 - INFO - [XGBoost] Trial 22: Đang chạy...
2025-12-09 09:19:12,587 - INFO - [XGBoost] Trial 22 hoàn tất -> Acc: 0.9293
2025-12-09 09:19:12,608 - INFO - [XGBoost] Trial 23: Đang chạy...
2025-12-09 09:19:24,569 - INFO - [XGBoost] Trial 23 hoàn tất -> Acc: 0.9273
2025-12-09 09:19:24,586 - INFO - [XGBoost] Trial 24: Đang chạy...
2025-12-09 09:19:34,565 - INFO - [XGBoost] Trial 24 hoàn tất -> Acc: 0.9297
2025-12-09 09:19:34,582 - INFO - [XGBoost] Trial 25: Đang chạy...
2025-12-09 09:19:42,495 - INFO - [XGBoost] Trial 25 hoàn tất -> Acc: 0.9292
2025-12-09 09:19:42,518 - INFO - [XGBoost] Trial 26: Đang chạy...
2025-12-09 09:19:50,522 - INFO - [XGBoost] Trial 26 hoàn tất -> Acc: 0.9218
2025-12-09 09:19:50,538 - INFO - [XGBoost] Trial 27: Đang chạy...
2025-12-09 09:19:57,750 - INFO - [XGBoost] Trial 27 hoàn tất -> Acc: 0.9284
2025-12-09 09:19:57,768 - INFO - [XGBoost] Trial 28: Đang chạy...
2025-12-09 09:20:27,335 - INFO - [XGBoost] Trial 28 hoàn tất -> Acc: 0.9275
2025-12-09 09:20:27,352 - INFO - [XGBoost] Trial 29: Đang chạy...
2025-12-09 09:20:32,034 - INFO - [XGBoost] Trial 29 hoàn tất -> Acc: 0.9283
2025-12-09 09:20:32,036 - INFO - Optuna hoàn tất. Best params: {'n_estimators': 268, 'learning_rate': 0.07966750188039678, 'max_depth': 3, 'subsample': 0.6428182071446251, 'colsample_bytree': 0.7752847229001598}
2025-12-09 09:20:32,037 - INFO - Best CV score: 0.9297
2025-12-09 09:20:32,039 - INFO - --- Refit: Huấn luyện lại XGBoost với tham số tối ưu ---
2025-12-09 09:20:37,840 - INFO - Refit hoàn tất → XGBoost
2025-12-09 09:20:38,112 - INFO - Kết quả RandomForest -> Accuracy: 0.9163, F1: 0.9146
2025-12-09 09:20:38,122 - INFO - Kết quả LogisticRegression -> Accuracy: 0.9033, F1: 0.9022
2025-12-09 09:20:38,894 - INFO - Kết quả SVM -> Accuracy: 0.9035, F1: 0.9025
2025-12-09 09:20:39,022 - INFO - Kết quả XGBoost -> Accuracy: 0.9306, F1: 0.9302
2025-12-09 09:20:39,034 - INFO - Đã cập nhật kết quả vào model_comparison_results.csv.
2025-12-09 09:20:39,319 - INFO - Kết quả RandomForest -> Accuracy: 0.9163, F1: 0.9146
2025-12-09 09:20:39,331 - INFO - Kết quả LogisticRegression -> Accuracy: 0.9033, F1: 0.9022
2025-12-09 09:20:40,094 - INFO - Kết quả SVM -> Accuracy: 0.9035, F1: 0.9025
2025-12-09 09:20:40,219 - INFO - Kết quả XGBoost -> Accuracy: 0.9306, F1: 0.9302
2025-12-09 09:20:40,292 - INFO - Đã lưu mô hình tốt nhất (XGBoost) vào best_model.pkl
2025-12-09 09:20:40,294 - INFO - Đã lưu chi tiết tham số tối ưu vào file: best_hyperparameters.json
